{
  "RSpec": {
    "coverage": {
      "/home/ubuntu/spelpunkten/app/helpers/application_helper.rb": [
        1,
        null
      ],
      "/home/ubuntu/spelpunkten/app/helpers/auth_helper.rb": [
        null,
        1,
        1,
        0,
        0,
        null,
        0,
        null,
        null,
        null
      ],
      "/home/ubuntu/spelpunkten/app/helpers/home_helper.rb": [
        1,
        null
      ],
      "/home/ubuntu/spelpunkten/app/helpers/matches_helper.rb": [
        1,
        null
      ],
      "/home/ubuntu/spelpunkten/app/helpers/media_helper.rb": [
        1,
        null
      ],
      "/home/ubuntu/spelpunkten/app/helpers/news_helper.rb": [
        1,
        null
      ],
      "/home/ubuntu/spelpunkten/app/helpers/players_helper.rb": [
        1,
        null
      ],
      "/home/ubuntu/spelpunkten/app/helpers/posts_helper.rb": [
        1,
        null
      ],
      "/home/ubuntu/spelpunkten/app/models/player.rb": [
        null,
        1,
        1,
        1,
        1,
        1,
        1,
        1,
        1,
        null,
        1,
        1,
        null,
        1,
        null,
        null,
        1,
        1,
        1,
        null,
        null,
        1,
        1,
        2,
        2,
        2,
        null,
        null,
        null,
        1,
        2,
        1,
        null,
        1,
        null,
        null,
        null,
        1,
        2,
        3,
        3,
        6,
        null,
        3,
        null,
        null,
        null,
        1,
        null,
        10,
        10,
        null,
        5,
        null,
        null,
        1,
        2,
        null,
        null,
        1,
        2,
        null,
        null,
        1,
        0,
        null,
        null,
        null,
        null,
        1,
        0,
        null,
        null,
        null,
        null
      ],
      "/home/ubuntu/spelpunkten/lib/web_helpers.rb": [
        1,
        1,
        1,
        1,
        null,
        1,
        0,
        0,
        0,
        0,
        null,
        null,
        null,
        1,
        1,
        1,
        0,
        0,
        null,
        null,
        null,
        1,
        0,
        null,
        null,
        null
      ]
    },
    "timestamp": 1405372135
  }
}
