{
  "RSpec": {
    "coverage": {
      "/home/ubuntu/spelpunkten/app/helpers/application_helper.rb": [
        1,
        null
      ],
      "/home/ubuntu/spelpunkten/app/helpers/auth_helper.rb": [
        null,
        1,
        1,
        0,
        0,
        null,
        0,
        null,
        null,
        null
      ],
      "/home/ubuntu/spelpunkten/app/helpers/home_helper.rb": [
        1,
        null
      ],
      "/home/ubuntu/spelpunkten/app/helpers/matches_helper.rb": [
        1,
        null
      ],
      "/home/ubuntu/spelpunkten/app/helpers/media_helper.rb": [
        1,
        null
      ],
      "/home/ubuntu/spelpunkten/app/helpers/news_helper.rb": [
        1,
        null
      ],
      "/home/ubuntu/spelpunkten/app/helpers/players_helper.rb": [
        1,
        null
      ],
      "/home/ubuntu/spelpunkten/app/helpers/posts_helper.rb": [
        1,
        null
      ],
      "/home/ubuntu/spelpunkten/app/models/statistic.rb": [
        null,
        1,
        1,
        1,
        1,
        1,
        1,
        1,
        1,
        1,
        1,
        1,
        1,
        null,
        null,
        1,
        null,
        27,
        9,
        null,
        null,
        1,
        3,
        9,
        null,
        null,
        null,
        1,
        null,
        0,
        0,
        null,
        null,
        1,
        null,
        9,
        3,
        null,
        null,
        1,
        null,
        9,
        3,
        null,
        null,
        1,
        null,
        12,
        4,
        null,
        null,
        1,
        9,
        18,
        null,
        null,
        1,
        9,
        9,
        18,
        null,
        null,
        1,
        null,
        12,
        12,
        null,
        null,
        1,
        7,
        7,
        21,
        21,
        null,
        7,
        null,
        null,
        1,
        1,
        1,
        3,
        3,
        null,
        1,
        null,
        null,
        1,
        102,
        null,
        null
      ],
      "/home/ubuntu/spelpunkten/app/models/player.rb": [
        null,
        1,
        1,
        1,
        1,
        1,
        1,
        1,
        1,
        1,
        null,
        1,
        0,
        null,
        0,
        0,
        null,
        null,
        1,
        0,
        0,
        null,
        null,
        1,
        0,
        0,
        0,
        0,
        null,
        null,
        null,
        1,
        0,
        0,
        null,
        0,
        null,
        null,
        null,
        1,
        0,
        0,
        0,
        0,
        null,
        0,
        null,
        null,
        null,
        1,
        0,
        0,
        0,
        0,
        null,
        null,
        0,
        null,
        null,
        1,
        0,
        null,
        null,
        1,
        0,
        null,
        null,
        1,
        0,
        null,
        null,
        null,
        null,
        1,
        0,
        null,
        null,
        null,
        null
      ],
      "/home/ubuntu/spelpunkten/lib/web_helpers.rb": [
        1,
        1,
        1,
        1,
        null,
        1,
        0,
        0,
        0,
        0,
        null,
        null,
        null,
        1,
        0,
        0,
        0,
        0,
        null,
        null,
        null,
        1,
        0,
        null,
        null,
        null
      ]
    },
    "timestamp": 1403111883
  }
}
